
################################################################################
#
# This file has been generated by SpyGlass:
#     Report Name      : moresimple
#     Report Created by: xph2sei042
#     Report Created on:  Sat May  2 15:40:57 2020
#     Working Directory: /tp/xph2sei/xph2sei042/R2000
#     SpyGlass Version : 5.6.0
#     Policy Name      : SpyGlass(5.6.0)
#                        clock-reset(5.6.0)
#                        erc(5.6.0)
#                        latch(5.6.0)
#                        lint(5.6.0)
#                        morelint(5.6.0)
#                        openmore(5.6.0)
#                        power_est(5.6.0)
#                        simulation(5.6.0)
#                        starc(5.6.0)
#                        starc2005(5.6.0)
#                        timing(5.6.0)
#                        txv(5.6.0)
#
#     Total Number of Generated Messages :          3
#     Number of Waived Messages          :          0
#     Number of Reported Messages        :          3
#     Number of Overlimit Messages       :          0
#
#
################################################################################

+++++++++++++++++++++++++++++++++++++++++++++++++++++++++++++++++++++++
MORESIMPLE REPORT:


############### BuiltIn -> RuleGroup=Design Read ###############
+++++++++++++++++++++++++++++++++++++++++++++++++++++++++++++++++++++++++++++++++++++++
ID       Rule                    Alias                   Severity    File                                                                     Line    Wt    Message
======================================================================================
[1]      DetectTopDesignUnits    DetectTopDesignUnits    Info        R2000_code/src/MIPS.sv                                                   24      2     Module MIPS is a top level design unit
[4]      FLAT_505                FLAT_505                Warning     R2000_code/src/execute.sv                                                175     10    Observability evaluation for macro instance 'rtlc_I270' (master: M_RTL_LSHIFT_32_32) inside module 'ALU' done partially as its input(s) select bus size '32' exceeds the threshold limit of '10'. To improve the accuracy of Observability evaluation 'set_option treat_rtl_macro_as_lib_cell on'
[0]      ElabSummary             ElabSummary             Info        ./spyglass-1/lint/lint_rtl/spyglass_reports/SpyGlass/elab_summary.rpt    0       2     Please refer file './spyglass-1/lint/lint_rtl/spyglass_reports/SpyGlass/elab_summary.rpt' for elab summary report
+++++++++++++++++++++++++++++++++++++++++++++++++++++++++++++++++++++++++++++++++++++++
